\BOOKMARK [1][-]{section.1}{Introduction}{}% 1
\BOOKMARK [2][-]{subsection.1.1}{Usage}{section.1}% 2
\BOOKMARK [2][-]{subsection.1.2}{Options and packages}{section.1}% 3
\BOOKMARK [2][-]{subsection.1.3}{Sample thesis}{section.1}% 4
\BOOKMARK [1][-]{section.2}{Arrangement of contents}{}% 5
\BOOKMARK [2][-]{subsection.2.1}{Title page}{section.2}% 6
\BOOKMARK [2][-]{subsection.2.2}{Copyright page}{section.2}% 7
\BOOKMARK [2][-]{subsection.2.3}{Abstract page\(s\)}{section.2}% 8
\BOOKMARK [2][-]{subsection.2.4}{Biographical sketch}{section.2}% 9
\BOOKMARK [2][-]{subsection.2.5}{Dedication}{section.2}% 10
\BOOKMARK [2][-]{subsection.2.6}{Acknowledgements}{section.2}% 11
\BOOKMARK [2][-]{subsection.2.7}{Table of Contents, List of Tables, List of Figures}{section.2}% 12
\BOOKMARK [2][-]{subsection.2.8}{List of Abbreviations, List of Symbols, Preface}{section.2}% 13
\BOOKMARK [2][-]{subsection.2.9}{Text}{section.2}% 14
\BOOKMARK [2][-]{subsection.2.10}{Appendix}{section.2}% 15
\BOOKMARK [2][-]{subsection.2.11}{Bibliography}{section.2}% 16
\BOOKMARK [2][-]{subsection.2.12}{Glossary, Index}{section.2}% 17
\BOOKMARK [1][-]{section.3}{Configurable parameters}{}% 18
\BOOKMARK [2][-]{subsection.3.1}{Interline spacing}{section.3}% 19
\BOOKMARK [2][-]{subsection.3.2}{Font sizes}{section.3}% 20
\BOOKMARK [1][-]{section.4}{Internals}{}% 21
\BOOKMARK [2][-]{subsection.4.1}{Driver for this document}{section.4}% 22
\BOOKMARK [2][-]{subsection.4.2}{Option processing}{section.4}% 23
\BOOKMARK [2][-]{subsection.4.3}{Report class}{section.4}% 24
\BOOKMARK [2][-]{subsection.4.4}{PDF support}{section.4}% 25
\BOOKMARK [2][-]{subsection.4.5}{Chapter headings}{section.4}% 26
\BOOKMARK [2][-]{subsection.4.6}{Footnotes}{section.4}% 27
\BOOKMARK [2][-]{subsection.4.7}{Subscripts}{section.4}% 28
\BOOKMARK [2][-]{subsection.4.8}{Page layout}{section.4}% 29
\BOOKMARK [2][-]{subsection.4.9}{Page styles}{section.4}% 30
\BOOKMARK [2][-]{subsection.4.10}{Section names}{section.4}% 31
